<?xml version="1.0" encoding="UTF-8"?><testsuite errors="0" failures="0" name="agregar productos a carrito de compra exitosamente" skipped="0" tests="6" time="81.19" timestamp="2024-04-11 01:13:04"><testcase name="Registro exitoso"/><testcase name="Inicio de sesion exitoso"/><testcase name="Inicio De Sesio Con Usuario Inexistente"/><testcase name="Agregar Producto En Categoria Telefonos"/><testcase name="Agregar Producto En Categoria Portatiles"/><testcase name="Agregar Producto En Categoria Monitores"/></testsuite>